<?xml version="1.0" encoding="UTF-8"?>
<!-- Generated by org.testng.reporters.JUnitReportReporter -->
<testsuite hostname="Tom" failures="0" tests="1" name="testCases_OpenCart.AccRegistration_TC002" time="1.501" errors="0" timestamp="2024-11-17T18:57:57 IST" skipped="0">
  <testcase classname="testCases_OpenCart.AccRegistration_TC002" name="AccRegtest" time="1.501"/>
</testsuite> <!-- testCases_OpenCart.AccRegistration_TC002 -->
