<?xml version="1.0" encoding="UTF-8"?>
<!-- Generated by org.testng.reporters.JUnitReportReporter -->
<testsuite hostname="Tom" failures="0" tests="5" name="testCases_OpenCart.DDLogin_TC_004" time="34.902" errors="0" timestamp="2024-11-17T18:57:57 IST" skipped="0">
  <testcase classname="testCases_OpenCart.DDLogin_TC_004" name="testDDLogin" time="1.155"/>
  <testcase classname="testCases_OpenCart.DDLogin_TC_004" name="testDDLogin" time="11.029"/>
  <testcase classname="testCases_OpenCart.DDLogin_TC_004" name="testDDLogin" time="10.788"/>
  <testcase classname="testCases_OpenCart.DDLogin_TC_004" name="testDDLogin" time="10.880"/>
  <testcase classname="testCases_OpenCart.DDLogin_TC_004" name="testDDLogin" time="1.050"/>
</testsuite> <!-- testCases_OpenCart.DDLogin_TC_004 -->
