<?xml version="1.0" encoding="UTF-8"?>
<!-- Generated by org.testng.reporters.JUnitReportReporter -->
<testsuite hostname="Tom" failures="0" tests="5" name="testCases_OpenCart.DDLogin_TC_004" time="42.087" errors="0" timestamp="2024-11-17T22:38:19 IST" skipped="0">
  <testcase classname="testCases_OpenCart.DDLogin_TC_004" name="testDDLogin" time="11.284"/>
  <testcase classname="testCases_OpenCart.DDLogin_TC_004" name="testDDLogin" time="12.078"/>
  <testcase classname="testCases_OpenCart.DDLogin_TC_004" name="testDDLogin" time="4.160"/>
  <testcase classname="testCases_OpenCart.DDLogin_TC_004" name="testDDLogin" time="3.294"/>
  <testcase classname="testCases_OpenCart.DDLogin_TC_004" name="testDDLogin" time="11.271"/>
</testsuite> <!-- testCases_OpenCart.DDLogin_TC_004 -->
