<?xml version="1.0" encoding="UTF-8"?>
<!-- Generated by org.testng.reporters.JUnitReportReporter -->
<testsuite hostname="Tom" failures="0" tests="1" name="testCases_OpenCart.Login_TC003" time="6.131" errors="0" timestamp="2024-11-17T22:38:19 IST" skipped="0">
  <testcase classname="testCases_OpenCart.Login_TC003" name="Logintest" time="6.131"/>
</testsuite> <!-- testCases_OpenCart.Login_TC003 -->
